#
# There is insufficient memory for the Java Runtime Environment to continue.
# Native memory allocation (mmap) failed to map 132120576 bytes for G1 virtual space
# Possible reasons:
#   The system is out of physical RAM or swap space
#   The process is running with CompressedOops enabled, and the Java Heap may be blocking the growth of the native heap
# Possible solutions:
#   Reduce memory load on the system
#   Increase physical memory or swap space
#   Check if swap backing store is full
#   Decrease Java heap size (-Xmx/-Xms)
#   Decrease number of Java threads
#   Decrease Java thread stack sizes (-Xss)
#   Set larger code cache with -XX:ReservedCodeCacheSize=
#   JVM is running with Unscaled Compressed Oops mode in which the Java heap is
#     placed in the first 4GB address space. The Java Heap base address is the
#     maximum limit for the native heap growth. Please use -XX:HeapBaseMinAddress
#     to set the Java Heap base and to place the Java Heap above 4GB virtual address.
# This output file may be truncated or incomplete.
#
#  Out of Memory Error (os_windows.cpp:3530), pid=19072, tid=15896
#
# JRE version:  (18.0+36) (build )
# Java VM: Java HotSpot(TM) 64-Bit Server VM (18+36-2087, mixed mode, sharing, tiered, compressed oops, compressed class ptrs, g1 gc, windows-amd64)
# No core dump will be written. Minidumps are not enabled by default on client versions of Windows
#

---------------  S U M M A R Y ------------

Command Line: -Dfile.encoding=UTF-8 -XX:+ShowCodeDetailsInExceptionMessages Playwrighrtsessions.FrameHandle

Host: Intel(R) Core(TM) i7-8565U CPU @ 1.80GHz, 8 cores, 7G,  Windows 11 , 64 bit Build 22000 (10.0.22000.613)
Time: Tue Apr 19 15:57:18 2022 Eastern Daylight Time elapsed time: 0.097123 seconds (0d 0h 0m 0s)

---------------  T H R E A D  ---------------

Current thread (0x00000274247306a0):  JavaThread "Unknown thread" [_thread_in_vm, id=15896, stack(0x0000009c61a00000,0x0000009c61b00000)]

Stack: [0x0000009c61a00000,0x0000009c61b00000]
Native frames: (J=compiled Java code, j=interpreted, Vv=VM code, C=native code)
V  [jvm.dll+0x69804a]
V  [jvm.dll+0x7f308d]
V  [jvm.dll+0x7f499e]
V  [jvm.dll+0x7f5053]
V  [jvm.dll+0x25ca3f]
V  [jvm.dll+0x694f99]
V  [jvm.dll+0x689aca]
V  [jvm.dll+0x321efb]
V  [jvm.dll+0x3298d6]
V  [jvm.dll+0x37e47e]
V  [jvm.dll+0x37e6af]
V  [jvm.dll+0x2f9c7a]
V  [jvm.dll+0x2facdd]
V  [jvm.dll+0x7c1cc0]
V  [jvm.dll+0x38b801]
V  [jvm.dll+0x7a09d3]
V  [jvm.dll+0x40d6bf]
V  [jvm.dll+0x40f091]
C  [jli.dll+0x526b]
C  [ucrtbase.dll+0x26c0c]
C  [KERNEL32.DLL+0x154e0]
C  [ntdll.dll+0x485b]


---------------  P R O C E S S  ---------------

Threads class SMR info:
_java_thread_list=0x00007ff8f00ee550, length=0, elements={
}

Java Threads: ( => current thread )

Other Threads:
  0x0000027424791c80 WorkerThread "GC Thread#0" [stack: 0x0000009c61b00000,0x0000009c61c00000] [id=23600]
  0x00000274247a2d90 ConcurrentGCThread "G1 Main Marker" [stack: 0x0000009c61c00000,0x0000009c61d00000] [id=11836]
  0x00000274247a3780 WorkerThread "G1 Conc#0" [stack: 0x0000009c61d00000,0x0000009c61e00000] [id=16792]

[error occurred during error reporting (printing all threads), id 0xc0000005, EXCEPTION_ACCESS_VIOLATION (0xc0000005) at pc=0x00007ff8ef91a217]

VM state: not at safepoint (not fully initialized)

VM Mutex/Monitor currently owned by a thread:  ([mutex/lock_event])
[0x000002742472d830] Heap_lock - owner thread: 0x00000274247306a0

Heap address: 0x0000000082e00000, size: 2002 MB, Compressed Oops mode: 32-bit

CDS archive(s) mapped at: [0x0000000000000000-0x0000000000000000-0x0000000000000000), size 0, SharedBaseAddress: 0x0000000800000000, ArchiveRelocationMode: 0.
Narrow klass base: 0x0000000000000000, Narrow klass shift: 0, Narrow klass range: 0x0

GC Precious Log:
 CardTable entry size: 512
 Card Set container configuration: InlinePtr #cards 5 size 8 Array Of Cards #cards 12 size 40 Howl #buckets 4 coarsen threshold 1843 Howl Bitmap #cards 512 size 80 coarsen threshold 460 Card regions per heap region 1 cards per card region 2048

Heap:
 garbage-first heap   total 0K, used 0K [0x0000000082e00000, 0x0000000100000000)
  region size 1024K, 0 young (0K), 0 survivors (0K)

[error occurred during error reporting (printing heap information), id 0xc0000005, EXCEPTION_ACCESS_VIOLATION (0xc0000005) at pc=0x00007ff8efd00489]

GC Heap History (0 events):
No events

Deoptimization events (0 events):
No events

Classes loaded (0 events):
No events

Classes unloaded (0 events):
No events

Classes redefined (0 events):
No events

Internal exceptions (0 events):
No events

VM Operations (0 events):
No events

Events (1 events):
Event: 0.037 Loaded shared library C:\Program Files\Java\jdk-18\bin\java.dll


Dynamic libraries:
0x00007ff7d8be0000 - 0x00007ff7d8bf0000 	C:\Program Files\Java\jdk-18\bin\javaw.exe
0x00007ff94c140000 - 0x00007ff94c349000 	C:\WINDOWS\SYSTEM32\ntdll.dll
0x00007ff94b880000 - 0x00007ff94b93d000 	C:\WINDOWS\System32\KERNEL32.DLL
0x00007ff949970000 - 0x00007ff949ce4000 	C:\WINDOWS\System32\KERNELBASE.dll
0x00007ff949630000 - 0x00007ff949741000 	C:\WINDOWS\System32\ucrtbase.dll
0x00007ff923940000 - 0x00007ff923958000 	C:\Program Files\Java\jdk-18\bin\jli.dll
0x00007ff949fe0000 - 0x00007ff94a08e000 	C:\WINDOWS\System32\ADVAPI32.dll
0x00007ff94b460000 - 0x00007ff94b503000 	C:\WINDOWS\System32\msvcrt.dll
0x00007ff94b730000 - 0x00007ff94b7ce000 	C:\WINDOWS\System32\sechost.dll
0x00007ff94a430000 - 0x00007ff94a550000 	C:\WINDOWS\System32\RPCRT4.dll
0x00007ff94b510000 - 0x00007ff94b6bc000 	C:\WINDOWS\System32\USER32.dll
0x00007ff9497d0000 - 0x00007ff9497f6000 	C:\WINDOWS\System32\win32u.dll
0x00007ff94b420000 - 0x00007ff94b449000 	C:\WINDOWS\System32\GDI32.dll
0x00007ff949e50000 - 0x00007ff949f62000 	C:\WINDOWS\System32\gdi32full.dll
0x00007ff949db0000 - 0x00007ff949e4d000 	C:\WINDOWS\System32\msvcp_win.dll
0x00007ff92fc10000 - 0x00007ff92feb5000 	C:\WINDOWS\WinSxS\amd64_microsoft.windows.common-controls_6595b64144ccf1df_6.0.22000.120_none_9d947278b86cc467\COMCTL32.dll
0x00007ff93cf90000 - 0x00007ff93cf9a000 	C:\WINDOWS\SYSTEM32\VERSION.dll
0x00007ff923960000 - 0x00007ff92397a000 	C:\Program Files\Java\jdk-18\bin\VCRUNTIME140.dll
0x00007ff94bb60000 - 0x00007ff94bb91000 	C:\WINDOWS\System32\IMM32.DLL
0x00007ff931e30000 - 0x00007ff931e3c000 	C:\Program Files\Java\jdk-18\bin\vcruntime140_1.dll
0x00007ff913030000 - 0x00007ff9130bd000 	C:\Program Files\Java\jdk-18\bin\msvcp140.dll
0x00007ff8ef610000 - 0x00007ff8f0221000 	C:\Program Files\Java\jdk-18\bin\server\jvm.dll
0x00007ff94b6c0000 - 0x00007ff94b6c8000 	C:\WINDOWS\System32\PSAPI.DLL
0x00007ff93f7f0000 - 0x00007ff93f7f9000 	C:\WINDOWS\SYSTEM32\WSOCK32.dll
0x00007ff94a900000 - 0x00007ff94a96f000 	C:\WINDOWS\System32\WS2_32.dll
0x00007ff93f6f0000 - 0x00007ff93f723000 	C:\WINDOWS\SYSTEM32\WINMM.dll
0x00007ff948820000 - 0x00007ff948838000 	C:\WINDOWS\SYSTEM32\kernel.appcore.dll
0x00007ff940660000 - 0x00007ff94066a000 	C:\Program Files\Java\jdk-18\bin\jimage.dll
0x00007ff946c30000 - 0x00007ff946e51000 	C:\WINDOWS\SYSTEM32\DBGHELP.DLL
0x00007ff931d70000 - 0x00007ff931da1000 	C:\WINDOWS\SYSTEM32\dbgcore.DLL
0x00007ff949750000 - 0x00007ff9497cf000 	C:\WINDOWS\System32\bcryptPrimitives.dll
0x00007ff93f810000 - 0x00007ff93f835000 	C:\Program Files\Java\jdk-18\bin\java.dll

dbghelp: loaded successfully - version: 4.0.5 - missing functions: none
symbol engine: initialized successfully - sym options: 0x614 - pdb path: .;C:\Program Files\Java\jdk-18\bin;C:\WINDOWS\SYSTEM32;C:\WINDOWS\WinSxS\amd64_microsoft.windows.common-controls_6595b64144ccf1df_6.0.22000.120_none_9d947278b86cc467;C:\Program Files\Java\jdk-18\bin\server

VM Arguments:
jvm_args: -Dfile.encoding=UTF-8 -XX:+ShowCodeDetailsInExceptionMessages 
java_command: Playwrighrtsessions.FrameHandle
java_class_path (initial): C:\Users\deniz\git\Playwright_Java\PlaywrightSessions\target\classes;C:\Users\deniz\.m2\repository\com\microsoft\playwright\playwright\1.17.1\playwright-1.17.1.jar;C:\Users\deniz\.m2\repository\com\google\code\gson\gson\2.8.6\gson-2.8.6.jar;C:\Users\deniz\.m2\repository\com\microsoft\playwright\driver\1.17.1\driver-1.17.1.jar;C:\Users\deniz\.m2\repository\com\microsoft\playwright\driver-bundle\1.17.1\driver-bundle-1.17.1.jar
Launcher Type: SUN_STANDARD

[Global flags]
     intx CICompilerCount                          = 4                                         {product} {ergonomic}
     uint ConcGCThreads                            = 2                                         {product} {ergonomic}
     uint G1ConcRefinementThreads                  = 8                                         {product} {ergonomic}
   size_t G1HeapRegionSize                         = 1048576                                   {product} {ergonomic}
    uintx GCDrainStackTargetSize                   = 64                                        {product} {ergonomic}
   size_t InitialHeapSize                          = 132120576                                 {product} {ergonomic}
   size_t MarkStackSize                            = 4194304                                   {product} {ergonomic}
   size_t MaxHeapSize                              = 2099249152                                {product} {ergonomic}
   size_t MinHeapDeltaBytes                        = 1048576                                   {product} {ergonomic}
   size_t MinHeapSize                              = 8388608                                   {product} {ergonomic}
    uintx NonNMethodCodeHeapSize                   = 5839372                                {pd product} {ergonomic}
    uintx NonProfiledCodeHeapSize                  = 122909434                              {pd product} {ergonomic}
    uintx ProfiledCodeHeapSize                     = 122909434                              {pd product} {ergonomic}
    uintx ReservedCodeCacheSize                    = 251658240                              {pd product} {ergonomic}
     bool SegmentedCodeCache                       = true                                      {product} {ergonomic}
     bool ShowCodeDetailsInExceptionMessages       = true                                   {manageable} {command line}
   size_t SoftMaxHeapSize                          = 2099249152                             {manageable} {ergonomic}
     bool UseCompressedClassPointers               = true                           {product lp64_product} {ergonomic}
     bool UseCompressedOops                        = true                           {product lp64_product} {ergonomic}
     bool UseG1GC                                  = true                                      {product} {ergonomic}
     bool UseLargePagesIndividualAllocation        = false                                  {pd product} {ergonomic}

Logging:
Log output configuration:
 #0: stdout all=warning uptime,level,tags foldmultilines=false
 #1: stderr all=off uptime,level,tags foldmultilines=false

Environment Variables:
JAVA_HOME=C:\Program Files\Java\jdk1.8.0_221
PATH=C:/Program Files/Java/jdk-18/bin/server;C:/Program Files/Java/jdk-18/bin;C:\Program Files\Common Files\Oracle\Java\javapath;C:\Program Files (x86)\Common Files\Oracle\Java\javapath;C:\WINDOWS\system32;C:\WINDOWS;C:\WINDOWS\System32\Wbem;C:\WINDOWS\System32\WindowsPowerShell\v1.0\;C:\WINDOWS\System32\OpenSSH\;C:\Program Files\Git\cmd;C:\Program Files\Java\jdk1.8.0_221\bin;C:\Program Files\apache-maven\apache-maven-3.6.3\bin;C:Python27;C:\Python27\Scripts;C:\Users\deniz\AppData\Roaming\npm;C:\Program Files\nodejs\;C:\Users\deniz\AppData\Roaming\npm;C:\webdrivers;C:\Users\deniz\AppData\Local\Programs\Python\Python39;C:\Users\deniz\AppData\Local\Programs\Python\Python39\Scripts;C:\Program Files\PuTTY\;C:\Program Files\Amazon\AWSCLIV2\;C:\Users\deniz\AppData\Local\Programs\Python\Python39\Scripts\;C:\Users\deniz\AppData\Local\Programs\Python\Python39\;C:\Users\deniz\AppData\Local\Programs\Python\Python38-32\Scripts\;C:\Users\deniz\AppData\Local\Programs\Python\Python38-32\;C:\Users\deniz\AppData\Local\Microsoft\WindowsApps;C:\Users\deniz\AppData\Local\GitHubDesktop\bin;C:\Users\deniz\AppData\Local\Programs\Microsoft VS Code\bin;C:\Users\deniz\AppData\Roaming\npm;C:\Users\deniz\AppData\Local\gitkraken\bin;%USERPROFILE%\AppData\Local\Microsoft\WindowsApps;;C:\Users\deniz\OneDrive\Desktop;
USERNAME=deniz
OS=Windows_NT
PROCESSOR_IDENTIFIER=Intel64 Family 6 Model 142 Stepping 11, GenuineIntel



---------------  S Y S T E M  ---------------

OS:
 Windows 11 , 64 bit Build 22000 (10.0.22000.613)
OS uptime: 4 days 19:26 hours

CPU: total 8 (initial active 8) (4 cores per cpu, 2 threads per core) family 6 model 142 stepping 11 microcode 0xde, cx8, cmov, fxsr, ht, mmx, 3dnowpref, sse, sse2, sse3, ssse3, sse4.1, sse4.2, popcnt, lzcnt, tsc, tscinvbit, avx, avx2, aes, erms, clmul, bmi1, bmi2, adx, fma, vzeroupper, clflush, clflushopt

Memory: 4k page, system-wide physical 8005M (455M free)
TotalPageFile size 32581M (AvailPageFile size 125M)
current process WorkingSet (physical memory assigned to process): 10M, peak: 10M
current process commit charge ("private bytes"): 60M, peak: 186M

vm_info: Java HotSpot(TM) 64-Bit Server VM (18+36-2087) for windows-amd64 JRE (18+36-2087), built on Feb 15 2022 09:43:11 by "mach5one" with MS VC++ 16.8 / 16.9 (VS2019)

END.
